20:43:13.271 [main] DEBUG n.f.i.model.TimeZoneRegistryImpl - Error loading custom timezone aliases: null
20:43:13.283 [main] DEBUG n.f.ical4j.data.CalendarParserImpl - [-3]
20:43:13.284 [main] DEBUG n.f.ical4j.data.CalendarParserImpl - [BEGIN]
20:43:13.284 [main] DEBUG n.f.ical4j.data.CalendarParserImpl - [58]
20:43:13.284 [main] DEBUG n.f.ical4j.data.CalendarParserImpl - [-3]
20:43:13.284 [main] DEBUG n.f.ical4j.data.CalendarParserImpl - [VCALENDAR]
20:43:13.284 [main] DEBUG n.f.ical4j.data.CalendarParserImpl - [10]
20:43:13.284 [main] DEBUG n.f.ical4j.data.CalendarParserImpl - [-3]
20:43:13.285 [main] DEBUG n.f.ical4j.data.CalendarParserImpl - Property [PRODID]
20:43:13.309 [main] DEBUG n.f.ical4j.data.CalendarParserImpl - Property [VERSION]
20:43:13.320 [main] DEBUG n.f.ical4j.data.CalendarParserImpl - Property [CALSCALE]
20:43:13.320 [main] DEBUG n.f.ical4j.data.CalendarParserImpl - [58]
20:43:13.320 [main] DEBUG n.f.ical4j.data.CalendarParserImpl - [-3]
20:43:13.325 [main] DEBUG n.f.ical4j.data.CalendarParserImpl - [10]
20:43:13.326 [main] DEBUG n.f.ical4j.data.CalendarParserImpl - [-3]
20:43:13.326 [main] DEBUG n.f.ical4j.data.CalendarParserImpl - Property [DTSTART]
20:43:13.326 [main] DEBUG n.f.ical4j.data.CalendarParserImpl - Property [DTEND]
20:43:13.326 [main] DEBUG n.f.ical4j.data.CalendarParserImpl - Property [SUMMARY]
20:43:13.327 [main] DEBUG n.f.ical4j.data.CalendarParserImpl - Property [COUNTRY]
20:43:13.327 [main] DEBUG n.f.ical4j.data.CalendarParserImpl - Property [REGION]
20:43:13.327 [main] DEBUG n.f.ical4j.data.CalendarParserImpl - Property [URL]
20:43:13.327 [main] DEBUG n.f.ical4j.data.CalendarParserImpl - Property [DESCRIPTION]
20:43:13.327 [main] DEBUG n.f.ical4j.data.CalendarParserImpl - [58]
20:43:13.328 [main] DEBUG n.f.ical4j.data.CalendarParserImpl - [-3]
20:43:13.328 [main] DEBUG n.f.ical4j.data.CalendarParserImpl - [VEVENT]
20:43:13.328 [main] DEBUG n.f.ical4j.data.CalendarParserImpl - [10]
20:43:13.329 [main] DEBUG n.f.ical4j.data.CalendarParserImpl - [58]
20:43:13.329 [main] DEBUG n.f.ical4j.data.CalendarParserImpl - [-3]
20:43:13.329 [main] DEBUG n.f.ical4j.data.CalendarParserImpl - [VCALENDAR]
