10:29:46.349 [main] DEBUG n.f.i.model.TimeZoneRegistryImpl - Error loading custom timezone aliases: null
10:29:46.406 [main] DEBUG n.f.ical4j.data.CalendarParserImpl - [-3]
10:29:46.406 [main] DEBUG n.f.ical4j.data.CalendarParserImpl - [BEGIN]
10:29:46.406 [main] DEBUG n.f.ical4j.data.CalendarParserImpl - [58]
10:29:46.407 [main] DEBUG n.f.ical4j.data.CalendarParserImpl - [-3]
10:29:46.407 [main] DEBUG n.f.ical4j.data.CalendarParserImpl - [VCALENDAR]
10:29:46.407 [main] DEBUG n.f.ical4j.data.CalendarParserImpl - [10]
10:29:46.420 [main] DEBUG n.f.ical4j.data.CalendarParserImpl - [-3]
10:29:46.421 [main] DEBUG n.f.ical4j.data.CalendarParserImpl - Property [VERSION]
10:29:46.514 [main] DEBUG n.f.ical4j.data.CalendarParserImpl - [58]
10:29:46.521 [main] DEBUG n.f.ical4j.data.CalendarParserImpl - [-3]
10:29:46.542 [main] DEBUG n.f.ical4j.data.CalendarParserImpl - [10]
10:29:46.542 [main] DEBUG n.f.ical4j.data.CalendarParserImpl - [-3]
10:29:46.542 [main] DEBUG n.f.ical4j.data.CalendarParserImpl - Property [URL]
10:29:46.544 [main] DEBUG n.f.ical4j.data.CalendarParserImpl - Property [SUMMARY]
10:29:46.546 [main] DEBUG n.f.ical4j.data.CalendarParserImpl - Property [X-DTSTART]
10:29:46.548 [main] DEBUG n.f.ical4j.data.CalendarParserImpl - Property [X-DTEND]
10:29:46.549 [main] DEBUG n.f.ical4j.data.CalendarParserImpl - Property [X-FEE]
10:29:46.550 [main] DEBUG n.f.ical4j.data.CalendarParserImpl - Property [X-COUNTRY]
10:29:46.550 [main] DEBUG n.f.ical4j.data.CalendarParserImpl - Property [X-CITY]
10:29:46.551 [main] DEBUG n.f.ical4j.data.CalendarParserImpl - [58]
10:29:46.551 [main] DEBUG n.f.ical4j.data.CalendarParserImpl - [-3]
10:29:46.551 [main] DEBUG n.f.ical4j.data.CalendarParserImpl - [X-CONFERENCE]
10:29:46.551 [main] DEBUG n.f.ical4j.data.CalendarParserImpl - [10]
10:29:46.551 [main] DEBUG n.f.ical4j.data.CalendarParserImpl - [58]
10:29:46.552 [main] DEBUG n.f.ical4j.data.CalendarParserImpl - [-3]
10:29:46.552 [main] DEBUG n.f.ical4j.data.CalendarParserImpl - [10]
10:29:46.552 [main] DEBUG n.f.ical4j.data.CalendarParserImpl - [-3]
10:29:46.552 [main] DEBUG n.f.ical4j.data.CalendarParserImpl - Property [URL]
10:29:46.553 [main] DEBUG n.f.ical4j.data.CalendarParserImpl - Property [SUMMARY]
10:29:46.553 [main] DEBUG n.f.ical4j.data.CalendarParserImpl - Property [X-DTSTART]
10:29:46.554 [main] DEBUG n.f.ical4j.data.CalendarParserImpl - Property [X-DTEND]
10:29:46.554 [main] DEBUG n.f.ical4j.data.CalendarParserImpl - Property [X-FEE]
10:29:46.555 [main] DEBUG n.f.ical4j.data.CalendarParserImpl - Property [X-COUNTRY]
10:29:46.555 [main] DEBUG n.f.ical4j.data.CalendarParserImpl - Property [X-CITY]
10:29:46.555 [main] DEBUG n.f.ical4j.data.CalendarParserImpl - [58]
10:29:46.555 [main] DEBUG n.f.ical4j.data.CalendarParserImpl - [-3]
10:29:46.556 [main] DEBUG n.f.ical4j.data.CalendarParserImpl - [X-CONFERENCE]
10:29:46.556 [main] DEBUG n.f.ical4j.data.CalendarParserImpl - [10]
10:29:46.556 [main] DEBUG n.f.ical4j.data.CalendarParserImpl - [58]
10:29:46.556 [main] DEBUG n.f.ical4j.data.CalendarParserImpl - [-3]
10:29:46.556 [main] DEBUG n.f.ical4j.data.CalendarParserImpl - [10]
10:29:46.556 [main] DEBUG n.f.ical4j.data.CalendarParserImpl - [-3]
10:29:46.557 [main] DEBUG n.f.ical4j.data.CalendarParserImpl - Property [URL]
10:29:46.557 [main] DEBUG n.f.ical4j.data.CalendarParserImpl - Property [SUMMARY]
10:29:46.558 [main] DEBUG n.f.ical4j.data.CalendarParserImpl - Property [X-DTSTART]
10:29:46.558 [main] DEBUG n.f.ical4j.data.CalendarParserImpl - Property [X-DTEND]
10:29:46.559 [main] DEBUG n.f.ical4j.data.CalendarParserImpl - Property [X-FEE]
10:29:46.559 [main] DEBUG n.f.ical4j.data.CalendarParserImpl - Property [X-COUNTRY]
10:29:46.559 [main] DEBUG n.f.ical4j.data.CalendarParserImpl - Property [X-CITY]
10:29:46.560 [main] DEBUG n.f.ical4j.data.CalendarParserImpl - [58]
10:29:46.560 [main] DEBUG n.f.ical4j.data.CalendarParserImpl - [-3]
10:29:46.560 [main] DEBUG n.f.ical4j.data.CalendarParserImpl - [X-CONFERENCE]
10:29:46.560 [main] DEBUG n.f.ical4j.data.CalendarParserImpl - [10]
10:29:46.560 [main] DEBUG n.f.ical4j.data.CalendarParserImpl - [58]
10:29:46.561 [main] DEBUG n.f.ical4j.data.CalendarParserImpl - [-3]
10:29:46.561 [main] DEBUG n.f.ical4j.data.CalendarParserImpl - [VCALENDAR]
